2025-08-02 15:08:43 [Warning] You do not have a valid license key for the Lucky Penny software AutoMapper. This is allowed for development and testing scenarios. If you are running in production you are required to have a licensed version. Please visit https://luckypennysoftware.com to obtain a valid license.
2025-08-02 15:08:43 [Debug] User login with email: "kaandanisment1@gmail.com"
2025-08-02 15:08:43 [Debug] Checking registered user with email: "kaandanisment1@gmail.com"
2025-08-02 15:08:45 [Debug] Creating JWT token for user with email: "kaandanisment1@gmail.com"
2025-08-02 15:08:45 [Information] JWT token created successfully for user: "kaandanisment1@gmail.com"
2025-08-02 15:08:45 [Debug] Generating refresh token
2025-08-02 15:08:45 [Debug] Adding refresh token for user ID: cb1c885b-4b54-412d-b6da-08ddcf5c5972
2025-08-02 15:08:45 [Information] Refresh token created and stored database successfully for user: "kaandanisment1@gmail.com"
2025-08-02 15:08:45 [Information] HTTP "POST" "/api/auth/login" responded 200 in 2020.4041 ms
2025-08-02 15:13:14 [Information] HTTP "OPTIONS" "/api/Auth/login" responded 204 in 2.3044 ms
2025-08-02 15:13:14 [Debug] User login with email: "kaandanisment1@gmail.com"
2025-08-02 15:13:14 [Debug] Checking registered user with email: "kaandanisment1@gmail.com"
2025-08-02 15:13:14 [Debug] Creating JWT token for user with email: "kaandanisment1@gmail.com"
2025-08-02 15:13:14 [Information] JWT token created successfully for user: "kaandanisment1@gmail.com"
2025-08-02 15:13:14 [Debug] Generating refresh token
2025-08-02 15:13:14 [Debug] Adding refresh token for user ID: cb1c885b-4b54-412d-b6da-08ddcf5c5972
2025-08-02 15:13:14 [Information] Refresh token created and stored database successfully for user: "kaandanisment1@gmail.com"
2025-08-02 15:13:14 [Information] HTTP "POST" "/api/Auth/login" responded 200 in 129.5844 ms
2025-08-02 15:14:24 [Information] HTTP "OPTIONS" "/api/Auth/login" responded 204 in 0.5759 ms
2025-08-02 15:14:24 [Debug] User login with email: "kaandanisment1@gmail.com"
2025-08-02 15:14:24 [Debug] Checking registered user with email: "kaandanisment1@gmail.com"
2025-08-02 15:14:24 [Debug] Creating JWT token for user with email: "kaandanisment1@gmail.com"
2025-08-02 15:14:24 [Information] JWT token created successfully for user: "kaandanisment1@gmail.com"
2025-08-02 15:14:24 [Debug] Generating refresh token
2025-08-02 15:14:24 [Debug] Adding refresh token for user ID: cb1c885b-4b54-412d-b6da-08ddcf5c5972
2025-08-02 15:14:24 [Information] Refresh token created and stored database successfully for user: "kaandanisment1@gmail.com"
2025-08-02 15:14:24 [Information] HTTP "POST" "/api/Auth/login" responded 200 in 99.8839 ms
