2025-08-03 21:51:45 [Information] HTTP "GET" "/api/Account/profile" responded 401 in 90.8501 ms
2025-08-03 21:52:36 [Warning] You do not have a valid license key for the Lucky Penny software AutoMapper. This is allowed for development and testing scenarios. If you are running in production you are required to have a licensed version. Please visit https://luckypennysoftware.com to obtain a valid license.
2025-08-03 21:52:36 [Debug] User login with email: "kaandanisment1@gmail.com"
2025-08-03 21:52:36 [Debug] Checking registered user with email: "kaandanisment1@gmail.com"
2025-08-03 21:52:37 [Debug] Creating JWT token for user with email: "kaandanisment1@gmail.com"
2025-08-03 21:52:37 [Information] JWT token created successfully for user: "kaandanisment1@gmail.com"
2025-08-03 21:52:37 [Debug] Generating refresh token
2025-08-03 21:52:37 [Debug] Adding refresh token for user ID: cb1c885b-4b54-412d-b6da-08ddcf5c5972
2025-08-03 21:52:37 [Information] Refresh token created and stored database successfully for user: "kaandanisment1@gmail.com"
2025-08-03 21:52:37 [Information] HTTP "POST" "/api/auth/login" responded 200 in 1584.0577 ms
2025-08-03 21:53:59 [Debug] Retrieving user info for userId: "cb1c885b-4b54-412d-b6da-08ddcf5c5972"
2025-08-03 21:53:59 [Debug] Retrieving user by ID: "cb1c885b-4b54-412d-b6da-08ddcf5c5972"
2025-08-03 21:53:59 [Information] HTTP "GET" "/api/Account/profile" responded 200 in 129.7469 ms
2025-08-03 22:01:42 [Debug] User login with email: "kaandanisment1@gmail.com"
2025-08-03 22:01:42 [Debug] Checking registered user with email: "kaandanisment1@gmail.com"
2025-08-03 22:01:42 [Debug] Creating JWT token for user with email: "kaandanisment1@gmail.com"
2025-08-03 22:01:42 [Information] JWT token created successfully for user: "kaandanisment1@gmail.com"
2025-08-03 22:01:42 [Debug] Generating refresh token
2025-08-03 22:01:42 [Debug] Adding refresh token for user ID: cb1c885b-4b54-412d-b6da-08ddcf5c5972
2025-08-03 22:01:42 [Information] Refresh token created and stored database successfully for user: "kaandanisment1@gmail.com"
2025-08-03 22:01:42 [Information] HTTP "POST" "/api/auth/login" responded 200 in 101.0008 ms
2025-08-03 22:12:18 [Warning] You do not have a valid license key for the Lucky Penny software AutoMapper. This is allowed for development and testing scenarios. If you are running in production you are required to have a licensed version. Please visit https://luckypennysoftware.com to obtain a valid license.
2025-08-03 22:12:18 [Debug] User login with email: "kaandanisment1@gmail.com"
2025-08-03 22:12:18 [Debug] Checking registered user with email: "kaandanisment1@gmail.com"
2025-08-03 22:12:19 [Debug] Creating JWT token for user with email: "kaandanisment1@gmail.com"
2025-08-03 22:12:19 [Information] JWT token created successfully for user: "kaandanisment1@gmail.com"
2025-08-03 22:12:19 [Debug] Generating refresh token
2025-08-03 22:12:19 [Debug] Adding refresh token for user ID: cb1c885b-4b54-412d-b6da-08ddcf5c5972
2025-08-03 22:12:19 [Information] Refresh token created and stored database successfully for user: "kaandanisment1@gmail.com"
2025-08-03 22:12:19 [Information] HTTP "POST" "/api/auth/login" responded 200 in 1594.8780 ms
2025-08-03 22:12:27 [Debug] Retrieving user info for userId: "cb1c885b-4b54-412d-b6da-08ddcf5c5972"
2025-08-03 22:12:27 [Debug] Retrieving user by ID: "cb1c885b-4b54-412d-b6da-08ddcf5c5972"
2025-08-03 22:12:27 [Information] HTTP "GET" "/api/Account/profile" responded 200 in 145.5852 ms
2025-08-03 22:12:30 [Debug] Retrieving user info for userId: "cb1c885b-4b54-412d-b6da-08ddcf5c5972"
2025-08-03 22:12:30 [Debug] Retrieving user by ID: "cb1c885b-4b54-412d-b6da-08ddcf5c5972"
2025-08-03 22:12:30 [Information] HTTP "GET" "/api/Account/profile" responded 200 in 21.4149 ms
2025-08-03 22:13:52 [Information] HTTP "GET" "/api/Account/profile" responded 401 in 8.7896 ms
2025-08-03 22:14:05 [Information] HTTP "GET" "/api/Account/profile" responded 401 in 0.3148 ms
2025-08-03 22:14:10 [Information] HTTP "GET" "/api/Account/profile" responded 401 in 4.5228 ms
2025-08-03 22:14:13 [Information] HTTP "GET" "/api/Account/profile" responded 401 in 0.9848 ms
2025-08-03 22:14:32 [Debug] Retrieving user info for userId: "cb1c885b-4b54-412d-b6da-08ddcf5c5972"
2025-08-03 22:14:32 [Debug] Retrieving user by ID: "cb1c885b-4b54-412d-b6da-08ddcf5c5972"
2025-08-03 22:14:32 [Information] HTTP "GET" "/api/Account/profile" responded 200 in 14.3916 ms
2025-08-03 22:14:48 [Debug] Retrieving user info for userId: "cb1c885b-4b54-412d-b6da-08ddcf5c5972"
2025-08-03 22:14:48 [Debug] Retrieving user by ID: "cb1c885b-4b54-412d-b6da-08ddcf5c5972"
2025-08-03 22:14:48 [Information] HTTP "GET" "/api/Account/profile" responded 200 in 9.7720 ms
2025-08-03 22:14:51 [Debug] Retrieving user info for userId: "cb1c885b-4b54-412d-b6da-08ddcf5c5972"
2025-08-03 22:14:51 [Debug] Retrieving user by ID: "cb1c885b-4b54-412d-b6da-08ddcf5c5972"
2025-08-03 22:14:51 [Information] HTTP "GET" "/api/Account/profile" responded 200 in 10.5294 ms
2025-08-03 22:14:53 [Debug] Retrieving user info for userId: "cb1c885b-4b54-412d-b6da-08ddcf5c5972"
2025-08-03 22:14:53 [Debug] Retrieving user by ID: "cb1c885b-4b54-412d-b6da-08ddcf5c5972"
2025-08-03 22:14:53 [Information] HTTP "GET" "/api/Account/profile" responded 200 in 6.6677 ms
2025-08-03 22:15:33 [Debug] Retrieving user info for userId: "cb1c885b-4b54-412d-b6da-08ddcf5c5972"
2025-08-03 22:15:33 [Debug] Retrieving user by ID: "cb1c885b-4b54-412d-b6da-08ddcf5c5972"
2025-08-03 22:15:33 [Information] HTTP "GET" "/api/Account/profile" responded 200 in 8.5347 ms
2025-08-03 22:15:50 [Information] HTTP "GET" "/api/Account/profile" responded 401 in 0.2210 ms
2025-08-03 22:15:53 [Debug] Retrieving user info for userId: "cb1c885b-4b54-412d-b6da-08ddcf5c5972"
2025-08-03 22:15:53 [Debug] Retrieving user by ID: "cb1c885b-4b54-412d-b6da-08ddcf5c5972"
2025-08-03 22:15:53 [Information] HTTP "GET" "/api/Account/profile" responded 200 in 8.1628 ms
2025-08-03 22:16:39 [Debug] Retrieving user info for userId: "cb1c885b-4b54-412d-b6da-08ddcf5c5972"
2025-08-03 22:16:39 [Debug] Retrieving user by ID: "cb1c885b-4b54-412d-b6da-08ddcf5c5972"
2025-08-03 22:16:39 [Information] HTTP "GET" "/api/Account/profile" responded 200 in 11.4430 ms
2025-08-03 22:22:48 [Information] HTTP "GET" "/api/Account/profile" responded 401 in 0.7912 ms
2025-08-03 22:22:52 [Information] HTTP "GET" "/api/Account/profile" responded 401 in 0.9536 ms
2025-08-03 22:22:56 [Debug] User login with email: "kaandanisment1@gmail.com"
2025-08-03 22:22:56 [Debug] Checking registered user with email: "kaandanisment1@gmail.com"
2025-08-03 22:22:56 [Debug] Creating JWT token for user with email: "kaandanisment1@gmail.com"
2025-08-03 22:22:56 [Information] JWT token created successfully for user: "kaandanisment1@gmail.com"
2025-08-03 22:22:56 [Debug] Generating refresh token
2025-08-03 22:22:56 [Debug] Adding refresh token for user ID: cb1c885b-4b54-412d-b6da-08ddcf5c5972
2025-08-03 22:22:56 [Information] Refresh token created and stored database successfully for user: "kaandanisment1@gmail.com"
2025-08-03 22:22:56 [Information] HTTP "POST" "/api/auth/login" responded 200 in 92.1442 ms
2025-08-03 22:23:17 [Debug] Retrieving user info for userId: "cb1c885b-4b54-412d-b6da-08ddcf5c5972"
2025-08-03 22:23:17 [Debug] Retrieving user by ID: "cb1c885b-4b54-412d-b6da-08ddcf5c5972"
2025-08-03 22:23:17 [Information] HTTP "GET" "/api/Account/profile" responded 200 in 11.5162 ms
2025-08-03 22:23:35 [Debug] User login with email: "kaandanisment1@gmail.com"
2025-08-03 22:23:35 [Debug] Checking registered user with email: "kaandanisment1@gmail.com"
2025-08-03 22:23:35 [Debug] Creating JWT token for user with email: "kaandanisment1@gmail.com"
2025-08-03 22:23:35 [Information] JWT token created successfully for user: "kaandanisment1@gmail.com"
2025-08-03 22:23:35 [Debug] Generating refresh token
2025-08-03 22:23:35 [Debug] Adding refresh token for user ID: cb1c885b-4b54-412d-b6da-08ddcf5c5972
2025-08-03 22:23:35 [Information] Refresh token created and stored database successfully for user: "kaandanisment1@gmail.com"
2025-08-03 22:23:35 [Information] HTTP "POST" "/api/auth/login" responded 200 in 74.3221 ms
2025-08-03 22:23:38 [Debug] Retrieving user info for userId: "cb1c885b-4b54-412d-b6da-08ddcf5c5972"
2025-08-03 22:23:38 [Debug] Retrieving user by ID: "cb1c885b-4b54-412d-b6da-08ddcf5c5972"
2025-08-03 22:23:38 [Information] HTTP "GET" "/api/Account/profile" responded 200 in 6.5931 ms
2025-08-03 22:23:39 [Debug] Retrieving user info for userId: "cb1c885b-4b54-412d-b6da-08ddcf5c5972"
2025-08-03 22:23:39 [Debug] Retrieving user by ID: "cb1c885b-4b54-412d-b6da-08ddcf5c5972"
2025-08-03 22:23:39 [Information] HTTP "GET" "/api/Account/profile" responded 200 in 9.6626 ms
2025-08-03 22:23:47 [Debug] Retrieving user info for userId: "cb1c885b-4b54-412d-b6da-08ddcf5c5972"
2025-08-03 22:23:47 [Debug] Retrieving user by ID: "cb1c885b-4b54-412d-b6da-08ddcf5c5972"
2025-08-03 22:23:47 [Information] HTTP "GET" "/api/Account/profile" responded 200 in 6.7375 ms
2025-08-03 22:24:27 [Debug] Retrieving user info for userId: "cb1c885b-4b54-412d-b6da-08ddcf5c5972"
2025-08-03 22:24:27 [Debug] Retrieving user by ID: "cb1c885b-4b54-412d-b6da-08ddcf5c5972"
2025-08-03 22:24:27 [Information] HTTP "GET" "/api/Account/profile" responded 200 in 12.1593 ms
2025-08-03 22:25:58 [Debug] Retrieving user info for userId: "cb1c885b-4b54-412d-b6da-08ddcf5c5972"
2025-08-03 22:25:58 [Debug] Retrieving user by ID: "cb1c885b-4b54-412d-b6da-08ddcf5c5972"
2025-08-03 22:25:58 [Information] HTTP "GET" "/api/Account/profile" responded 200 in 6.5646 ms
2025-08-03 22:29:14 [Debug] User login with email: "kaandanisment1@gmail.com"
2025-08-03 22:29:14 [Debug] Checking registered user with email: "kaandanisment1@gmail.com"
2025-08-03 22:29:14 [Debug] Creating JWT token for user with email: "kaandanisment1@gmail.com"
2025-08-03 22:29:14 [Information] JWT token created successfully for user: "kaandanisment1@gmail.com"
2025-08-03 22:29:14 [Debug] Generating refresh token
2025-08-03 22:29:14 [Debug] Adding refresh token for user ID: cb1c885b-4b54-412d-b6da-08ddcf5c5972
2025-08-03 22:29:14 [Information] Refresh token created and stored database successfully for user: "kaandanisment1@gmail.com"
2025-08-03 22:29:14 [Information] HTTP "POST" "/api/auth/login" responded 200 in 75.3191 ms
2025-08-03 22:35:03 [Warning] You do not have a valid license key for the Lucky Penny software AutoMapper. This is allowed for development and testing scenarios. If you are running in production you are required to have a licensed version. Please visit https://luckypennysoftware.com to obtain a valid license.
2025-08-03 22:35:03 [Debug] User login with email: "kaandanisment1@gmail.com"
2025-08-03 22:35:03 [Debug] Checking registered user with email: "kaandanisment1@gmail.com"
2025-08-03 22:35:04 [Debug] Creating JWT token for user with email: "kaandanisment1@gmail.com"
2025-08-03 22:35:04 [Information] JWT token created successfully for user: "kaandanisment1@gmail.com"
2025-08-03 22:35:04 [Debug] Generating refresh token
2025-08-03 22:35:04 [Debug] Adding refresh token for user ID: cb1c885b-4b54-412d-b6da-08ddcf5c5972
2025-08-03 22:35:04 [Information] Refresh token created and stored database successfully for user: "kaandanisment1@gmail.com"
2025-08-03 22:35:04 [Information] HTTP "POST" "/api/auth/login" responded 200 in 1628.0886 ms
2025-08-03 22:35:15 [Information] HTTP "GET" "/api/Account/profile" responded 401 in 59.9074 ms
2025-08-03 22:35:24 [Debug] Retrieving user info for userId: "cb1c885b-4b54-412d-b6da-08ddcf5c5972"
2025-08-03 22:35:24 [Debug] Retrieving user by ID: "cb1c885b-4b54-412d-b6da-08ddcf5c5972"
2025-08-03 22:35:24 [Information] HTTP "GET" "/api/Account/profile" responded 200 in 111.2854 ms
2025-08-03 22:36:30 [Information] HTTP "GET" "/api/Account/profile" responded 401 in 3.4774 ms
2025-08-03 22:45:47 [Information] HTTP "GET" "/api/Account/profile" responded 401 in 4.6772 ms
2025-08-03 22:46:07 [Debug] User login with email: "kaandanisment1@gmail.com"
2025-08-03 22:46:07 [Debug] Checking registered user with email: "kaandanisment1@gmail.com"
2025-08-03 22:46:07 [Debug] Creating JWT token for user with email: "kaandanisment1@gmail.com"
2025-08-03 22:46:07 [Information] JWT token created successfully for user: "kaandanisment1@gmail.com"
2025-08-03 22:46:07 [Debug] Generating refresh token
2025-08-03 22:46:07 [Debug] Adding refresh token for user ID: cb1c885b-4b54-412d-b6da-08ddcf5c5972
2025-08-03 22:46:07 [Information] Refresh token created and stored database successfully for user: "kaandanisment1@gmail.com"
2025-08-03 22:46:07 [Information] HTTP "POST" "/api/auth/login" responded 200 in 190.0969 ms
2025-08-03 22:46:19 [Debug] Retrieving user info for userId: "cb1c885b-4b54-412d-b6da-08ddcf5c5972"
2025-08-03 22:46:19 [Debug] Retrieving user by ID: "cb1c885b-4b54-412d-b6da-08ddcf5c5972"
2025-08-03 22:46:19 [Information] HTTP "GET" "/api/Account/profile" responded 200 in 21.3022 ms
2025-08-03 22:50:46 [Debug] User login with email: "kaandanisment1@gmail.com"
2025-08-03 22:50:46 [Debug] Checking registered user with email: "kaandanisment1@gmail.com"
2025-08-03 22:50:46 [Debug] Creating JWT token for user with email: "kaandanisment1@gmail.com"
2025-08-03 22:50:46 [Information] JWT token created successfully for user: "kaandanisment1@gmail.com"
2025-08-03 22:50:46 [Debug] Generating refresh token
2025-08-03 22:50:46 [Debug] Adding refresh token for user ID: cb1c885b-4b54-412d-b6da-08ddcf5c5972
2025-08-03 22:50:46 [Information] Refresh token created and stored database successfully for user: "kaandanisment1@gmail.com"
2025-08-03 22:50:46 [Information] HTTP "POST" "/api/auth/login" responded 200 in 177.7790 ms
2025-08-03 22:50:56 [Information] HTTP "GET" "/api/Account/profile" responded 401 in 2.0116 ms
2025-08-03 22:51:10 [Information] HTTP "GET" "/api/Account/profile" responded 401 in 34.0235 ms
2025-08-03 22:51:22 [Debug] Retrieving user info for userId: "cb1c885b-4b54-412d-b6da-08ddcf5c5972"
2025-08-03 22:51:22 [Debug] Retrieving user by ID: "cb1c885b-4b54-412d-b6da-08ddcf5c5972"
2025-08-03 22:51:22 [Information] HTTP "GET" "/api/Account/profile" responded 200 in 21.0072 ms
2025-08-03 22:52:04 [Debug] User login with email: "kaandanisment1@gmail.com"
2025-08-03 22:52:04 [Debug] Checking registered user with email: "kaandanisment1@gmail.com"
2025-08-03 22:52:04 [Debug] Creating JWT token for user with email: "kaandanisment1@gmail.com"
2025-08-03 22:52:04 [Information] JWT token created successfully for user: "kaandanisment1@gmail.com"
2025-08-03 22:52:04 [Debug] Generating refresh token
2025-08-03 22:52:04 [Debug] Adding refresh token for user ID: cb1c885b-4b54-412d-b6da-08ddcf5c5972
2025-08-03 22:52:04 [Information] Refresh token created and stored database successfully for user: "kaandanisment1@gmail.com"
2025-08-03 22:52:04 [Information] HTTP "POST" "/api/auth/login" responded 200 in 206.7122 ms
2025-08-03 22:52:09 [Information] HTTP "GET" "/api/Account/profile" responded 401 in 1.6319 ms
2025-08-03 22:53:33 [Warning] You do not have a valid license key for the Lucky Penny software AutoMapper. This is allowed for development and testing scenarios. If you are running in production you are required to have a licensed version. Please visit https://luckypennysoftware.com to obtain a valid license.
2025-08-03 22:53:33 [Debug] User login with email: "kaandanisment1@gmail.com"
2025-08-03 22:53:33 [Debug] Checking registered user with email: "kaandanisment1@gmail.com"
2025-08-03 22:53:35 [Debug] Creating JWT token for user with email: "kaandanisment1@gmail.com"
2025-08-03 22:53:35 [Information] JWT token created successfully for user: "kaandanisment1@gmail.com"
2025-08-03 22:53:35 [Debug] Generating refresh token
2025-08-03 22:53:35 [Debug] Adding refresh token for user ID: cb1c885b-4b54-412d-b6da-08ddcf5c5972
2025-08-03 22:53:35 [Information] Refresh token created and stored database successfully for user: "kaandanisment1@gmail.com"
2025-08-03 22:53:35 [Information] HTTP "POST" "/api/auth/login" responded 200 in 2622.5612 ms
2025-08-03 22:53:42 [Information] HTTP "GET" "/api/Account/profile" responded 302 in 48.6872 ms
2025-08-03 22:53:43 [Information] HTTP "GET" "/Account/Login" responded 404 in 2.3354 ms
2025-08-03 22:53:55 [Information] HTTP "GET" "/api/Account/profile" responded 302 in 3.9199 ms
2025-08-03 22:53:55 [Information] HTTP "GET" "/Account/Login" responded 404 in 0.1769 ms
2025-08-03 22:54:12 [Information] HTTP "GET" "/api/Account/profile" responded 302 in 2.3614 ms
2025-08-03 22:54:12 [Information] HTTP "GET" "/Account/Login" responded 404 in 0.1157 ms
2025-08-03 22:55:18 [Information] HTTP "GET" "/api/Account/profile" responded 302 in 0.3824 ms
2025-08-03 22:55:18 [Information] HTTP "GET" "/Account/Login" responded 404 in 0.4283 ms
